{
  "RSpec": {
    "coverage": {
      "/home/pato/RubymineProjects/Cotopaxi/app/models/user.rb": [
        1,
        null,
        null,
        null,
        1,
        null,
        null,
        null,
        1,
        1,
        1,
        1,
        1,
        1,
        null
      ],
      "/home/pato/RubymineProjects/Cotopaxi/app/controllers/application_controller.rb": [
        1,
        1,
        1,
        null,
        1,
        2,
        2,
        null,
        null,
        null,
        null,
        null,
        null,
        null
      ],
      "/home/pato/RubymineProjects/Cotopaxi/app/helpers/application_helper.rb": [
        1,
        null,
        null
      ],
      "/home/pato/RubymineProjects/Cotopaxi/app/helpers/features_helper.rb": [
        1,
        null
      ],
      "/home/pato/RubymineProjects/Cotopaxi/app/helpers/projects_helper.rb": [
        1,
        null
      ],
      "/home/pato/RubymineProjects/Cotopaxi/app/helpers/users_helper.rb": [
        1,
        null
      ],
      "/home/pato/RubymineProjects/Cotopaxi/app/controllers/features_controller.rb": [
        1,
        null,
        1,
        null,
        1,
        73,
        null,
        null,
        null,
        1,
        5,
        5,
        null,
        5,
        5,
        5,
        null,
        null,
        null,
        null,
        null,
        1,
        2,
        null,
        2,
        2,
        2,
        null,
        null,
        null,
        null,
        null,
        1,
        16,
        16,
        null,
        16,
        16,
        16,
        null,
        null,
        null,
        null,
        1,
        4,
        4,
        null,
        null,
        null,
        null,
        1,
        4,
        4,
        4,
        null,
        4,
        4,
        6,
        3,
        null,
        2,
        1,
        null,
        null,
        null,
        null,
        null,
        null,
        1,
        6,
        null,
        6,
        6,
        10,
        5,
        null,
        2,
        1,
        null,
        null,
        null,
        null,
        null,
        null,
        1,
        1,
        1,
        1,
        null,
        1,
        2,
        1,
        null,
        null,
        null
      ],
      "/home/pato/RubymineProjects/Cotopaxi/app/models/feature.rb": [
        1,
        1,
        1,
        1,
        1,
        1,
        null,
        1,
        null,
        1,
        1,
        null,
        1,
        1,
        null,
        null,
        null,
        null,
        null,
        null,
        1,
        1,
        null,
        null,
        null,
        1,
        2,
        2,
        null,
        null,
        1,
        36,
        36,
        null,
        null,
        1,
        45,
        5,
        5,
        null,
        40,
        null,
        null,
        null,
        1,
        36,
        36,
        null,
        null,
        1,
        36,
        36,
        null,
        null,
        1,
        36,
        2,
        null,
        34,
        34,
        null,
        null,
        null,
        1,
        1,
        1,
        1,
        null,
        null,
        null,
        null,
        null,
        null
      ],
      "/home/pato/RubymineProjects/Cotopaxi/app/controllers/projects_controller.rb": [
        1,
        null,
        1,
        224,
        null,
        null,
        null,
        null,
        1,
        5,
        null,
        5,
        5,
        5,
        null,
        null,
        null,
        null,
        null,
        1,
        27,
        27,
        27,
        null,
        27,
        27,
        27,
        null,
        null,
        null,
        null,
        null,
        1,
        3,
        1,
        null,
        null,
        1,
        1,
        1,
        null,
        null,
        null,
        null,
        1,
        5,
        5,
        5,
        null,
        null,
        null,
        null,
        1,
        4,
        4,
        4,
        4,
        4,
        null,
        4,
        4,
        6,
        3,
        null,
        2,
        1,
        null,
        null,
        null,
        null,
        null,
        null,
        1,
        6,
        6,
        null,
        6,
        6,
        10,
        5,
        null,
        2,
        1,
        null,
        null,
        null,
        null,
        null,
        null,
        1,
        1,
        1,
        1,
        null,
        1,
        2,
        1,
        null,
        null,
        null,
        1,
        1,
        1,
        1,
        1,
        1,
        5,
        5,
        5,
        5,
        null,
        1,
        1,
        null,
        null,
        null,
        null,
        1,
        1,
        1,
        1,
        1,
        1,
        2,
        1,
        null,
        null,
        null,
        null,
        1,
        3,
        3,
        1,
        1,
        1,
        1,
        null,
        1,
        1,
        1,
        1,
        1,
        1,
        1,
        null,
        1,
        null,
        null,
        3,
        3,
        null,
        null,
        null,
        1,
        2,
        2,
        1,
        1,
        null,
        1,
        null,
        null,
        2,
        2,
        2,
        null,
        0,
        null,
        null,
        null,
        null,
        null
      ],
      "/home/pato/RubymineProjects/Cotopaxi/app/models/project.rb": [
        1,
        1,
        1,
        1,
        1,
        1,
        1,
        null,
        1,
        1,
        null,
        1,
        1,
        null,
        1,
        1,
        null,
        1,
        1,
        null,
        1,
        1,
        null,
        null,
        1,
        1,
        null,
        1,
        null,
        null,
        1,
        1,
        null,
        null,
        1,
        1,
        null,
        null,
        null,
        1,
        1,
        null,
        null,
        1,
        69,
        69,
        69,
        4,
        null,
        null,
        69,
        8,
        null,
        61,
        null,
        null,
        null,
        1,
        19,
        19,
        null,
        null,
        1,
        18,
        18,
        null,
        null,
        1,
        18,
        18,
        null,
        null,
        1,
        18,
        18,
        null,
        null,
        1,
        19,
        19,
        null,
        null,
        1,
        19,
        3,
        null,
        16,
        null,
        null,
        null,
        1,
        33,
        2,
        null,
        31,
        null,
        null,
        null,
        1,
        19,
        1,
        null,
        18,
        null,
        null,
        null,
        1,
        4,
        4,
        4,
        4,
        null,
        null,
        4,
        null,
        null,
        1,
        2,
        2,
        null,
        null,
        1,
        16,
        4,
        null,
        1,
        null,
        1,
        null,
        1,
        null,
        1,
        null,
        null,
        12,
        null,
        null,
        null,
        null
      ],
      "/home/pato/RubymineProjects/Cotopaxi/app/models/role.rb": [
        1,
        1,
        1,
        1,
        null,
        null
      ],
      "/home/pato/RubymineProjects/Cotopaxi/app/controllers/sprints_controller.rb": [
        1,
        null,
        1,
        0,
        null,
        null,
        null,
        null,
        1,
        4,
        4,
        null,
        4,
        4,
        6,
        3,
        null,
        2,
        1,
        null,
        null,
        null,
        null,
        1,
        1,
        1,
        null,
        1,
        1,
        1,
        null,
        null,
        null,
        null,
        null
      ],
      "/home/pato/RubymineProjects/Cotopaxi/app/models/sprint.rb": [
        1,
        1,
        1,
        1,
        1,
        null,
        1,
        1,
        null,
        1,
        1,
        null,
        null,
        1,
        1,
        null,
        null,
        null,
        null,
        1,
        3,
        3,
        null,
        null,
        1,
        3,
        3,
        null,
        null,
        1,
        3,
        3,
        null,
        null,
        1,
        3,
        3,
        null,
        null
      ],
      "/home/pato/RubymineProjects/Cotopaxi/app/controllers/users_controller.rb": [
        1,
        null,
        1,
        null,
        1,
        99,
        null,
        null,
        null,
        null,
        1,
        4,
        4,
        null,
        4,
        4,
        4,
        null,
        null,
        null,
        null,
        null,
        1,
        15,
        12,
        12,
        0,
        null,
        null,
        3,
        3,
        0,
        null,
        null,
        null,
        15,
        15,
        15,
        null,
        null,
        null,
        null,
        null,
        1,
        3,
        null,
        3,
        3,
        3,
        null,
        null,
        null,
        null,
        1,
        3,
        null,
        null,
        null,
        null,
        1,
        3,
        null,
        3,
        3,
        4,
        2,
        null,
        2,
        1,
        null,
        null,
        null,
        null,
        null,
        null,
        1,
        3,
        null,
        3,
        3,
        4,
        2,
        null,
        2,
        1,
        null,
        null,
        null,
        null,
        null,
        null,
        1,
        1,
        1,
        null,
        1,
        2,
        1,
        null,
        null,
        null
      ],
      "/home/pato/RubymineProjects/Cotopaxi/app/models/ability.rb": [
        1,
        1,
        null,
        1,
        null,
        104,
        96,
        null,
        8,
        8,
        6,
        null,
        2,
        2,
        2,
        null,
        1,
        1,
        null,
        1,
        1,
        1,
        null,
        1,
        1,
        1,
        null,
        1,
        1,
        1,
        null,
        null,
        2,
        2,
        null,
        null,
        null,
        null
      ]
    },
    "timestamp": 1353336706
  },
  "Functional Tests": {
    "coverage": {
      "/home/pato/RubymineProjects/Cotopaxi/app/models/user.rb": [
        1,
        null,
        null,
        null,
        1,
        null,
        null,
        null,
        1,
        1,
        1,
        1,
        1,
        1,
        null
      ],
      "/home/pato/RubymineProjects/Cotopaxi/app/controllers/application_controller.rb": [
        1,
        1,
        1,
        null,
        1,
        0,
        0,
        null,
        null,
        null,
        null,
        null,
        null,
        null
      ],
      "/home/pato/RubymineProjects/Cotopaxi/app/helpers/application_helper.rb": [
        1,
        null,
        null
      ],
      "/home/pato/RubymineProjects/Cotopaxi/app/helpers/features_helper.rb": [
        1,
        null
      ],
      "/home/pato/RubymineProjects/Cotopaxi/app/helpers/projects_helper.rb": [
        1,
        null
      ],
      "/home/pato/RubymineProjects/Cotopaxi/app/helpers/users_helper.rb": [
        1,
        null
      ],
      "/home/pato/RubymineProjects/Cotopaxi/app/controllers/features_controller.rb": [
        1,
        null,
        1,
        null,
        1,
        0,
        null,
        null,
        null,
        1,
        0,
        0,
        null,
        0,
        0,
        0,
        null,
        null,
        null,
        null,
        null,
        1,
        0,
        null,
        0,
        0,
        0,
        null,
        null,
        null,
        null,
        null,
        1,
        0,
        0,
        null,
        0,
        0,
        0,
        null,
        null,
        null,
        null,
        1,
        0,
        0,
        null,
        null,
        null,
        null,
        1,
        0,
        0,
        null,
        0,
        0,
        0,
        0,
        null,
        0,
        0,
        null,
        null,
        null,
        null,
        null,
        null,
        1,
        0,
        null,
        0,
        0,
        0,
        0,
        null,
        0,
        0,
        null,
        null,
        null,
        null,
        null,
        null,
        1,
        0,
        0,
        0,
        null,
        0,
        0,
        0,
        null,
        null,
        null
      ],
      "/home/pato/RubymineProjects/Cotopaxi/app/models/feature.rb": [
        1,
        1,
        1,
        1,
        1,
        1,
        null,
        1,
        null,
        1,
        1,
        null,
        1,
        1,
        null,
        null,
        null,
        null,
        null,
        null,
        1,
        1,
        null,
        null,
        null,
        1,
        0,
        0,
        null,
        null,
        1,
        0,
        0,
        null,
        null,
        1,
        0,
        0,
        null,
        null,
        1,
        0,
        0,
        0,
        null,
        0,
        null,
        null,
        null,
        1,
        0,
        0,
        null,
        null,
        1,
        0,
        0,
        null,
        null,
        1,
        0,
        0,
        null,
        0,
        0,
        null,
        null,
        null,
        1,
        0,
        0,
        0,
        null,
        null,
        null,
        null,
        null,
        null
      ],
      "/home/pato/RubymineProjects/Cotopaxi/app/controllers/projects_controller.rb": [
        1,
        null,
        1,
        0,
        null,
        null,
        null,
        null,
        1,
        0,
        null,
        0,
        0,
        0,
        null,
        null,
        null,
        null,
        null,
        1,
        0,
        0,
        0,
        null,
        0,
        0,
        0,
        null,
        null,
        null,
        null,
        null,
        1,
        0,
        0,
        null,
        null,
        0,
        0,
        0,
        null,
        null,
        null,
        null,
        1,
        0,
        0,
        0,
        null,
        null,
        null,
        null,
        1,
        0,
        0,
        0,
        0,
        0,
        0,
        null,
        0,
        0,
        0,
        0,
        null,
        0,
        0,
        null,
        null,
        null,
        null,
        null,
        null,
        1,
        0,
        0,
        null,
        0,
        0,
        0,
        0,
        null,
        0,
        0,
        null,
        null,
        null,
        null,
        null,
        null,
        1,
        0,
        0,
        0,
        null,
        0,
        0,
        0,
        null,
        null,
        null,
        1,
        0,
        0,
        0,
        0,
        0,
        0,
        0,
        0,
        0,
        null,
        0,
        0,
        null,
        null,
        null,
        null,
        1,
        0,
        0,
        0,
        0,
        0,
        0,
        0,
        null,
        null,
        null,
        null,
        1,
        0,
        0,
        0,
        0,
        0,
        0,
        null,
        0,
        0,
        0,
        0,
        0,
        0,
        0,
        null,
        0,
        null,
        null,
        0,
        0,
        null,
        null,
        null,
        1,
        0,
        0,
        0,
        0,
        0,
        null,
        0,
        0,
        null,
        null,
        0,
        0,
        null,
        null,
        null
      ],
      "/home/pato/RubymineProjects/Cotopaxi/app/models/project.rb": [
        1,
        1,
        1,
        1,
        1,
        1,
        1,
        null,
        1,
        1,
        null,
        1,
        1,
        null,
        1,
        1,
        null,
        1,
        1,
        null,
        1,
        1,
        null,
        null,
        1,
        1,
        null,
        1,
        null,
        null,
        1,
        1,
        null,
        null,
        1,
        1,
        null,
        null,
        null,
        1,
        0,
        null,
        null,
        1,
        0,
        0,
        0,
        0,
        null,
        null,
        0,
        0,
        null,
        0,
        null,
        null,
        null,
        1,
        0,
        0,
        null,
        null,
        1,
        0,
        0,
        null,
        null,
        1,
        0,
        0,
        null,
        null,
        1,
        0,
        0,
        null,
        null,
        1,
        0,
        0,
        null,
        null,
        1,
        0,
        0,
        null,
        0,
        null,
        null,
        null,
        1,
        0,
        0,
        null,
        0,
        null,
        null,
        null,
        1,
        0,
        0,
        null,
        0,
        null,
        null,
        null,
        1,
        0,
        0,
        0,
        0,
        null,
        null,
        0,
        null,
        null,
        1,
        0,
        0,
        null,
        null,
        1,
        0,
        0,
        null,
        0,
        null,
        0,
        null,
        0,
        null,
        null,
        0,
        null,
        null,
        null,
        null
      ],
      "/home/pato/RubymineProjects/Cotopaxi/app/models/role.rb": [
        1,
        1,
        1,
        1,
        null,
        null
      ],
      "/home/pato/RubymineProjects/Cotopaxi/app/controllers/sprints_controller.rb": [
        1,
        null,
        1,
        0,
        null,
        null,
        null,
        null,
        1,
        0,
        0,
        null,
        0,
        0,
        0,
        0,
        null,
        0,
        0,
        null,
        null,
        null,
        null,
        1,
        0,
        0,
        null,
        0,
        0,
        0,
        null,
        null,
        null,
        null,
        null
      ],
      "/home/pato/RubymineProjects/Cotopaxi/app/models/sprint.rb": [
        1,
        1,
        1,
        1,
        1,
        null,
        1,
        1,
        null,
        1,
        1,
        null,
        null,
        1,
        1,
        null,
        null,
        null,
        null,
        1,
        0,
        0,
        null,
        null,
        1,
        0,
        0,
        null,
        null,
        1,
        0,
        0,
        null,
        null,
        1,
        0,
        0,
        null,
        0,
        0,
        null,
        null,
        null,
        1,
        0,
        0,
        null,
        null
      ],
      "/home/pato/RubymineProjects/Cotopaxi/app/controllers/users_controller.rb": [
        1,
        null,
        1,
        null,
        1,
        0,
        null,
        null,
        null,
        null,
        1,
        0,
        0,
        null,
        0,
        0,
        0,
        null,
        null,
        null,
        null,
        null,
        1,
        0,
        0,
        0,
        0,
        null,
        null,
        0,
        0,
        0,
        null,
        null,
        null,
        0,
        0,
        0,
        null,
        null,
        null,
        null,
        null,
        1,
        0,
        null,
        0,
        0,
        0,
        null,
        null,
        null,
        null,
        1,
        0,
        null,
        null,
        null,
        null,
        1,
        0,
        null,
        0,
        0,
        0,
        0,
        null,
        0,
        0,
        null,
        null,
        null,
        null,
        null,
        null,
        1,
        0,
        null,
        0,
        0,
        0,
        0,
        null,
        0,
        0,
        null,
        null,
        null,
        null,
        null,
        null,
        1,
        0,
        0,
        null,
        0,
        0,
        0,
        null,
        null,
        null
      ],
      "/home/pato/RubymineProjects/Cotopaxi/app/models/ability.rb": [
        1,
        1,
        null,
        1,
        null,
        0,
        0,
        null,
        0,
        0,
        0,
        null,
        0,
        0,
        0,
        null,
        0,
        0,
        null,
        0,
        0,
        0,
        null,
        0,
        0,
        0,
        null,
        0,
        0,
        0,
        null,
        0,
        0,
        null,
        null,
        0,
        0,
        null,
        null,
        null,
        null,
        null,
        null,
        null,
        null,
        null,
        null,
        null,
        null,
        null,
        null,
        null,
        null,
        null,
        null,
        null,
        null,
        null,
        null,
        null,
        null,
        null,
        null,
        null
      ]
    },
    "timestamp": 1352969404
  },
  "Cucumber Features": {
    "coverage": {
      "/home/pato/RubymineProjects/Cotopaxi/app/models/user.rb": [
        1,
        null,
        null,
        null,
        1,
        null,
        null,
        null,
        1,
        1,
        1,
        1,
        1,
        1,
        null
      ],
      "/home/pato/RubymineProjects/Cotopaxi/app/controllers/application_controller.rb": [
        1,
        1,
        1,
        null,
        1,
        0,
        0,
        null,
        null,
        null,
        null,
        null,
        null,
        null
      ],
      "/home/pato/RubymineProjects/Cotopaxi/app/helpers/application_helper.rb": [
        1,
        null,
        null
      ],
      "/home/pato/RubymineProjects/Cotopaxi/app/helpers/features_helper.rb": [
        1,
        null
      ],
      "/home/pato/RubymineProjects/Cotopaxi/app/helpers/projects_helper.rb": [
        1,
        null
      ],
      "/home/pato/RubymineProjects/Cotopaxi/app/helpers/users_helper.rb": [
        1,
        null
      ],
      "/home/pato/RubymineProjects/Cotopaxi/app/controllers/features_controller.rb": [
        1,
        null,
        1,
        null,
        1,
        48,
        null,
        null,
        null,
        1,
        3,
        3,
        null,
        3,
        3,
        3,
        null,
        null,
        null,
        null,
        null,
        1,
        0,
        null,
        0,
        0,
        0,
        null,
        null,
        null,
        null,
        null,
        1,
        15,
        15,
        null,
        15,
        15,
        15,
        null,
        null,
        null,
        null,
        1,
        3,
        3,
        null,
        null,
        null,
        null,
        1,
        3,
        3,
        3,
        null,
        3,
        3,
        4,
        2,
        null,
        2,
        1,
        null,
        null,
        null,
        null,
        null,
        null,
        1,
        3,
        null,
        3,
        3,
        4,
        2,
        null,
        2,
        1,
        null,
        null,
        null,
        null,
        null,
        null,
        1,
        0,
        0,
        0,
        null,
        0,
        0,
        0,
        null,
        null,
        null
      ],
      "/home/pato/RubymineProjects/Cotopaxi/app/models/feature.rb": [
        1,
        1,
        1,
        1,
        1,
        1,
        null,
        1,
        null,
        1,
        1,
        null,
        1,
        1,
        null,
        null,
        null,
        null,
        null,
        null,
        1,
        1,
        null,
        null,
        null,
        1,
        0,
        0,
        null,
        null,
        1,
        0,
        0,
        null,
        null,
        1,
        20,
        0,
        0,
        null,
        20,
        null,
        null,
        null,
        1,
        0,
        0,
        null,
        null,
        1,
        0,
        0,
        null,
        null,
        1,
        0,
        0,
        null,
        0,
        0,
        null,
        null,
        null,
        1,
        0,
        0,
        0,
        null,
        null,
        null,
        null,
        null,
        null
      ],
      "/home/pato/RubymineProjects/Cotopaxi/app/controllers/projects_controller.rb": [
        1,
        null,
        1,
        0,
        null,
        null,
        null,
        null,
        1,
        0,
        null,
        0,
        0,
        0,
        null,
        null,
        null,
        null,
        null,
        1,
        0,
        0,
        0,
        null,
        0,
        0,
        0,
        null,
        null,
        null,
        null,
        null,
        1,
        0,
        0,
        null,
        null,
        0,
        0,
        0,
        null,
        null,
        null,
        null,
        1,
        0,
        0,
        0,
        null,
        null,
        null,
        null,
        1,
        0,
        0,
        0,
        0,
        0,
        null,
        0,
        0,
        0,
        0,
        null,
        0,
        0,
        null,
        null,
        null,
        null,
        null,
        null,
        1,
        0,
        0,
        null,
        0,
        0,
        0,
        0,
        null,
        0,
        0,
        null,
        null,
        null,
        null,
        null,
        null,
        1,
        0,
        0,
        0,
        null,
        0,
        0,
        0,
        null,
        null,
        null,
        1,
        0,
        0,
        0,
        0,
        0,
        0,
        0,
        0,
        0,
        null,
        0,
        0,
        null,
        null,
        null,
        null,
        1,
        0,
        0,
        0,
        0,
        0,
        0,
        0,
        null,
        null,
        null,
        null,
        1,
        0,
        0,
        0,
        0,
        0,
        0,
        null,
        0,
        0,
        0,
        0,
        0,
        0,
        0,
        null,
        0,
        null,
        null,
        0,
        0,
        null,
        null,
        null,
        1,
        0,
        0,
        0,
        0,
        null,
        0,
        null,
        null,
        0,
        0,
        0,
        null,
        0,
        null,
        null,
        null,
        null,
        null
      ],
      "/home/pato/RubymineProjects/Cotopaxi/app/models/project.rb": [
        1,
        1,
        1,
        1,
        1,
        1,
        1,
        null,
        1,
        1,
        null,
        1,
        1,
        null,
        1,
        1,
        null,
        1,
        1,
        null,
        1,
        1,
        null,
        null,
        1,
        1,
        null,
        1,
        null,
        null,
        1,
        1,
        null,
        null,
        1,
        1,
        null,
        null,
        null,
        1,
        0,
        null,
        null,
        1,
        0,
        0,
        0,
        0,
        null,
        null,
        0,
        0,
        null,
        0,
        null,
        null,
        null,
        1,
        0,
        0,
        null,
        null,
        1,
        0,
        0,
        null,
        null,
        1,
        0,
        0,
        null,
        null,
        1,
        0,
        0,
        null,
        null,
        1,
        0,
        0,
        null,
        null,
        1,
        0,
        0,
        null,
        0,
        null,
        null,
        null,
        1,
        0,
        0,
        null,
        0,
        null,
        null,
        null,
        1,
        0,
        0,
        null,
        0,
        null,
        null,
        null,
        1,
        0,
        0,
        0,
        0,
        null,
        null,
        0,
        null,
        null,
        1,
        0,
        0,
        null,
        null,
        1,
        0,
        0,
        null,
        0,
        null,
        0,
        null,
        0,
        null,
        0,
        null,
        null,
        0,
        null,
        null,
        null,
        null
      ],
      "/home/pato/RubymineProjects/Cotopaxi/app/models/role.rb": [
        1,
        1,
        1,
        1,
        null,
        null
      ],
      "/home/pato/RubymineProjects/Cotopaxi/app/controllers/sprints_controller.rb": [
        1,
        null,
        1,
        0,
        null,
        null,
        null,
        null,
        1,
        0,
        0,
        null,
        0,
        0,
        0,
        0,
        null,
        0,
        0,
        null,
        null,
        null,
        null,
        1,
        0,
        0,
        null,
        0,
        0,
        0,
        null,
        null,
        null,
        null,
        null
      ],
      "/home/pato/RubymineProjects/Cotopaxi/app/models/sprint.rb": [
        1,
        1,
        1,
        1,
        1,
        null,
        1,
        1,
        null,
        1,
        1,
        null,
        null,
        1,
        1,
        null,
        null,
        null,
        null,
        1,
        0,
        0,
        null,
        null,
        1,
        0,
        0,
        null,
        null,
        1,
        0,
        0,
        null,
        null,
        1,
        0,
        0,
        null,
        null
      ],
      "/home/pato/RubymineProjects/Cotopaxi/app/controllers/users_controller.rb": [
        1,
        null,
        1,
        null,
        1,
        0,
        null,
        null,
        null,
        null,
        1,
        0,
        0,
        null,
        0,
        0,
        0,
        null,
        null,
        null,
        null,
        null,
        1,
        0,
        0,
        0,
        0,
        null,
        null,
        0,
        0,
        0,
        null,
        null,
        null,
        0,
        0,
        0,
        null,
        null,
        null,
        null,
        null,
        1,
        0,
        null,
        0,
        0,
        0,
        null,
        null,
        null,
        null,
        1,
        0,
        null,
        null,
        null,
        null,
        1,
        0,
        null,
        0,
        0,
        0,
        0,
        null,
        0,
        0,
        null,
        null,
        null,
        null,
        null,
        null,
        1,
        0,
        null,
        0,
        0,
        0,
        0,
        null,
        0,
        0,
        null,
        null,
        null,
        null,
        null,
        null,
        1,
        0,
        0,
        null,
        0,
        0,
        0,
        null,
        null,
        null
      ],
      "/home/pato/RubymineProjects/Cotopaxi/app/models/ability.rb": [
        1,
        1,
        null,
        1,
        null,
        15,
        15,
        null,
        0,
        0,
        0,
        null,
        0,
        0,
        0,
        null,
        0,
        0,
        null,
        0,
        0,
        0,
        null,
        0,
        0,
        0,
        null,
        0,
        0,
        0,
        null,
        null,
        0,
        0,
        null,
        null,
        null,
        null
      ]
    },
    "timestamp": 1353061409
  }
}
